0 info it worked if it ends with ok
1 verbose cli [ '/usr/local/Cellar/node/5.6.0/bin/node',
1 verbose cli   '/usr/local/bin/npm',
1 verbose cli   'install',
1 verbose cli   'express' ]
2 info using npm@3.6.0
3 info using node@v5.6.0
4 verbose config Skipping project config: /Users/madan.venugopal/.npmrc. (matches userconfig)
5 silly loadCurrentTree Starting
6 silly install loadCurrentTree
7 silly install readLocalPackageData
8 silly fetchPackageMetaData express
9 silly fetchNamedPackageData express
10 silly mapToRegistry name express
11 silly mapToRegistry using default registry
12 silly mapToRegistry registry https://registry.npmjs.org/
13 silly mapToRegistry uri https://registry.npmjs.org/express
14 verbose request uri https://registry.npmjs.org/express
15 verbose request no auth needed
16 info attempt registry request try #1 at 12:51:24 PM
17 verbose request id 5a4ae36874f788a0
18 verbose etag "7DV92YACGN3NMNKSWPLKE4AO8"
19 http request GET https://registry.npmjs.org/express
20 http 304 https://registry.npmjs.org/express
21 verbose headers { date: 'Wed, 27 Apr 2016 07:21:25 GMT',
21 verbose headers   via: '1.1 varnish',
21 verbose headers   'cache-control': 'max-age=300',
21 verbose headers   etag: '"7DV92YACGN3NMNKSWPLKE4AO8"',
21 verbose headers   age: '219',
21 verbose headers   connection: 'keep-alive',
21 verbose headers   'x-served-by': 'cache-sin6923-SIN',
21 verbose headers   'x-cache': 'HIT',
21 verbose headers   'x-cache-hits': '9',
21 verbose headers   'x-timer': 'S1461741685.097987,VS0,VE0',
21 verbose headers   vary: 'Accept-Encoding' }
22 silly get cb [ 304,
22 silly get   { date: 'Wed, 27 Apr 2016 07:21:25 GMT',
22 silly get     via: '1.1 varnish',
22 silly get     'cache-control': 'max-age=300',
22 silly get     etag: '"7DV92YACGN3NMNKSWPLKE4AO8"',
22 silly get     age: '219',
22 silly get     connection: 'keep-alive',
22 silly get     'x-served-by': 'cache-sin6923-SIN',
22 silly get     'x-cache': 'HIT',
22 silly get     'x-cache-hits': '9',
22 silly get     'x-timer': 'S1461741685.097987,VS0,VE0',
22 silly get     vary: 'Accept-Encoding' } ]
23 verbose etag https://registry.npmjs.org/express from cache
24 verbose get saving express to /Users/madan.venugopal/.npm/registry.npmjs.org/express/.cache.json
25 verbose correctMkdir /Users/madan.venugopal/.npm correctMkdir not in flight; initializing
26 silly install normalizeTree
27 silly loadCurrentTree Finishing
28 silly loadIdealTree Starting
29 silly install loadIdealTree
30 silly cloneCurrentTree Starting
31 silly install cloneCurrentTreeToIdealTree
32 silly cloneCurrentTree Finishing
33 silly loadShrinkwrap Starting
34 silly install loadShrinkwrap
35 silly loadShrinkwrap Finishing
36 silly loadAllDepsIntoIdealTree Starting
37 silly install loadAllDepsIntoIdealTree
38 silly resolveWithNewModule express@4.13.4 checking installable status
39 silly cache add args [ 'express', null ]
40 verbose cache add spec express
41 silly cache add parsed spec Result {
41 silly cache add   raw: 'express',
41 silly cache add   scope: null,
41 silly cache add   name: 'express',
41 silly cache add   rawSpec: '',
41 silly cache add   spec: 'latest',
41 silly cache add   type: 'tag' }
42 silly addNamed express@latest
43 verbose addNamed "latest" is being treated as a dist-tag for express
44 info addNameTag [ 'express', 'latest' ]
45 silly mapToRegistry name express
46 silly mapToRegistry using default registry
47 silly mapToRegistry registry https://registry.npmjs.org/
48 silly mapToRegistry uri https://registry.npmjs.org/express
49 verbose addNameTag registry:https://registry.npmjs.org/express not in flight; fetching
50 verbose get https://registry.npmjs.org/express not expired, no request
51 silly addNameTag next cb for express with tag latest
52 silly addNamed express@4.13.4
53 verbose addNamed "4.13.4" is a plain semver version for express
54 silly cache afterAdd express@4.13.4
55 verbose afterAdd /Users/madan.venugopal/.npm/express/4.13.4/package/package.json not in flight; writing
56 verbose correctMkdir /Users/madan.venugopal/.npm correctMkdir not in flight; initializing
57 verbose afterAdd /Users/madan.venugopal/.npm/express/4.13.4/package/package.json written
58 silly fetchNamedPackageData qs
59 silly mapToRegistry name qs
60 silly mapToRegistry using default registry
61 silly mapToRegistry registry https://registry.npmjs.org/
62 silly mapToRegistry uri https://registry.npmjs.org/qs
63 verbose request uri https://registry.npmjs.org/qs
64 verbose request no auth needed
65 info attempt registry request try #1 at 12:51:25 PM
66 verbose etag "B0T1YHZIW2HJ8JNLNUVBOJNBN"
67 http request GET https://registry.npmjs.org/qs
68 http 304 https://registry.npmjs.org/qs
69 verbose headers { date: 'Wed, 27 Apr 2016 07:21:25 GMT',
69 verbose headers   via: '1.1 varnish',
69 verbose headers   'cache-control': 'max-age=300',
69 verbose headers   etag: '"B0T1YHZIW2HJ8JNLNUVBOJNBN"',
69 verbose headers   age: '163',
69 verbose headers   connection: 'keep-alive',
69 verbose headers   'x-served-by': 'cache-sin6925-SIN',
69 verbose headers   'x-cache': 'HIT',
69 verbose headers   'x-cache-hits': '396',
69 verbose headers   'x-timer': 'S1461741685.449819,VS0,VE0',
69 verbose headers   vary: 'Accept-Encoding' }
70 silly get cb [ 304,
70 silly get   { date: 'Wed, 27 Apr 2016 07:21:25 GMT',
70 silly get     via: '1.1 varnish',
70 silly get     'cache-control': 'max-age=300',
70 silly get     etag: '"B0T1YHZIW2HJ8JNLNUVBOJNBN"',
70 silly get     age: '163',
70 silly get     connection: 'keep-alive',
70 silly get     'x-served-by': 'cache-sin6925-SIN',
70 silly get     'x-cache': 'HIT',
70 silly get     'x-cache-hits': '396',
70 silly get     'x-timer': 'S1461741685.449819,VS0,VE0',
70 silly get     vary: 'Accept-Encoding' } ]
71 verbose etag https://registry.npmjs.org/qs from cache
72 verbose get saving qs to /Users/madan.venugopal/.npm/registry.npmjs.org/qs/.cache.json
73 verbose correctMkdir /Users/madan.venugopal/.npm correctMkdir not in flight; initializing
74 silly resolveWithNewModule qs@4.0.0 checking installable status
75 silly cache add args [ 'qs@4.0.0', null ]
76 verbose cache add spec qs@4.0.0
77 silly cache add parsed spec Result {
77 silly cache add   raw: 'qs@4.0.0',
77 silly cache add   scope: null,
77 silly cache add   name: 'qs',
77 silly cache add   rawSpec: '4.0.0',
77 silly cache add   spec: '4.0.0',
77 silly cache add   type: 'version' }
78 silly addNamed qs@4.0.0
79 verbose addNamed "4.0.0" is a plain semver version for qs
80 silly mapToRegistry name qs
81 silly mapToRegistry using default registry
82 silly mapToRegistry registry https://registry.npmjs.org/
83 silly mapToRegistry uri https://registry.npmjs.org/qs
84 verbose addNameVersion registry:https://registry.npmjs.org/qs not in flight; fetching
85 verbose get https://registry.npmjs.org/qs not expired, no request
86 silly cache afterAdd qs@4.0.0
87 verbose afterAdd /Users/madan.venugopal/.npm/qs/4.0.0/package/package.json not in flight; writing
88 verbose correctMkdir /Users/madan.venugopal/.npm correctMkdir not in flight; initializing
89 verbose afterAdd /Users/madan.venugopal/.npm/qs/4.0.0/package/package.json written
90 silly loadAllDepsIntoIdealTree Finishing
91 silly idealTree:prePrune madan.venugopal
91 silly idealTree:prePrune ├── accepts@1.2.13
91 silly idealTree:prePrune ├── ansi-regex@2.0.0
91 silly idealTree:prePrune ├── ansi-styles@2.2.1
91 silly idealTree:prePrune ├── array-flatten@1.1.1
91 silly idealTree:prePrune ├── asn1@0.2.3
91 silly idealTree:prePrune ├── assert-plus@0.2.0
91 silly idealTree:prePrune ├── async@1.5.2
91 silly idealTree:prePrune ├── aws-sign2@0.6.0
91 silly idealTree:prePrune ├── aws4@1.3.2
91 silly idealTree:prePrune ├── bl@1.0.3
91 silly idealTree:prePrune ├── boom@2.10.1
91 silly idealTree:prePrune ├── caseless@0.11.0
91 silly idealTree:prePrune ├── chalk@1.1.3
91 silly idealTree:prePrune ├── combined-stream@1.0.5
91 silly idealTree:prePrune ├── commander@2.9.0
91 silly idealTree:prePrune ├── content-disposition@0.5.1
91 silly idealTree:prePrune ├── content-type@1.0.1
91 silly idealTree:prePrune ├── cookie-signature@1.0.6
91 silly idealTree:prePrune ├── cookie@0.1.5
91 silly idealTree:prePrune ├── core-util-is@1.0.2
91 silly idealTree:prePrune ├── cryptiles@2.0.5
91 silly idealTree:prePrune ├─┬ dashdash@1.13.0
91 silly idealTree:prePrune │ └── assert-plus@1.0.0
91 silly idealTree:prePrune ├── debug@2.2.0
91 silly idealTree:prePrune ├── delayed-stream@1.0.0
91 silly idealTree:prePrune ├── depd@1.1.0
91 silly idealTree:prePrune ├── destroy@1.0.4
91 silly idealTree:prePrune ├── ecc-jsbn@0.1.1
91 silly idealTree:prePrune ├── ee-first@1.1.1
91 silly idealTree:prePrune ├── elasticdump@1.1.2
91 silly idealTree:prePrune ├── escape-html@1.0.3
91 silly idealTree:prePrune ├── escape-string-regexp@1.0.5
91 silly idealTree:prePrune ├── etag@1.7.0
91 silly idealTree:prePrune ├─┬ express@4.13.4
91 silly idealTree:prePrune │ └── qs@4.0.0
91 silly idealTree:prePrune ├── extend@3.0.0
91 silly idealTree:prePrune ├── extsprintf@1.0.2
91 silly idealTree:prePrune ├── finalhandler@0.4.1
91 silly idealTree:prePrune ├── forever-agent@0.6.1
91 silly idealTree:prePrune ├── form-data@1.0.0-rc4
91 silly idealTree:prePrune ├── forwarded@0.1.0
91 silly idealTree:prePrune ├── fresh@0.3.0
91 silly idealTree:prePrune ├── generate-function@2.0.0
91 silly idealTree:prePrune ├── generate-object-property@1.2.0
91 silly idealTree:prePrune ├── graceful-readlink@1.0.1
91 silly idealTree:prePrune ├── har-validator@2.0.6
91 silly idealTree:prePrune ├── has-ansi@2.0.0
91 silly idealTree:prePrune ├── hawk@3.1.3
91 silly idealTree:prePrune ├── hoek@2.16.3
91 silly idealTree:prePrune ├── http-errors@1.3.1
91 silly idealTree:prePrune ├── http-signature@1.1.1
91 silly idealTree:prePrune ├── inherits@2.0.1
91 silly idealTree:prePrune ├── ipaddr.js@1.0.5
91 silly idealTree:prePrune ├── is-my-json-valid@2.13.1
91 silly idealTree:prePrune ├── is-property@1.0.2
91 silly idealTree:prePrune ├── is-typedarray@1.0.0
91 silly idealTree:prePrune ├── isarray@1.0.0
91 silly idealTree:prePrune ├── isstream@0.1.2
91 silly idealTree:prePrune ├── jodid25519@1.0.2
91 silly idealTree:prePrune ├── jsbn@0.1.0
91 silly idealTree:prePrune ├── json-schema@0.2.2
91 silly idealTree:prePrune ├── json-stringify-safe@5.0.1
91 silly idealTree:prePrune ├── jsonparse@0.0.5
91 silly idealTree:prePrune ├── jsonpointer@2.0.0
91 silly idealTree:prePrune ├── JSONStream@0.9.0
91 silly idealTree:prePrune ├── jsprim@1.2.2
91 silly idealTree:prePrune ├── lru-cache@4.0.1
91 silly idealTree:prePrune ├── media-typer@0.3.0
91 silly idealTree:prePrune ├── merge-descriptors@1.0.1
91 silly idealTree:prePrune ├── methods@1.1.2
91 silly idealTree:prePrune ├── mime-db@1.22.0
91 silly idealTree:prePrune ├── mime-types@2.1.10
91 silly idealTree:prePrune ├── mime@1.3.4
91 silly idealTree:prePrune ├── minimist@0.0.10
91 silly idealTree:prePrune ├── ms@0.7.1
91 silly idealTree:prePrune ├── negotiator@0.5.3
91 silly idealTree:prePrune ├── node-uuid@1.4.7
91 silly idealTree:prePrune ├── npm-debug.log
91 silly idealTree:prePrune ├── oauth-sign@0.8.1
91 silly idealTree:prePrune ├── on-finished@2.3.0
91 silly idealTree:prePrune ├── optimist@0.6.1
91 silly idealTree:prePrune ├── parseurl@1.3.1
91 silly idealTree:prePrune ├── path-to-regexp@0.1.7
91 silly idealTree:prePrune ├── pinkie-promise@2.0.0
91 silly idealTree:prePrune ├── pinkie@2.0.4
91 silly idealTree:prePrune ├── process-nextick-args@1.0.6
91 silly idealTree:prePrune ├── proxy-addr@1.0.10
91 silly idealTree:prePrune ├── pseudomap@1.0.2
91 silly idealTree:prePrune ├── qs@6.0.2
91 silly idealTree:prePrune ├── range-parser@1.0.3
91 silly idealTree:prePrune ├── readable-stream@2.0.6
91 silly idealTree:prePrune ├── request@2.69.0
91 silly idealTree:prePrune ├── send@0.13.1
91 silly idealTree:prePrune ├── serve-static@1.10.2
91 silly idealTree:prePrune ├── sntp@1.0.9
91 silly idealTree:prePrune ├── sshpk@1.7.4
91 silly idealTree:prePrune ├── statuses@1.2.1
91 silly idealTree:prePrune ├── string_decoder@0.10.31
91 silly idealTree:prePrune ├── stringstream@0.0.5
91 silly idealTree:prePrune ├── strip-ansi@3.0.1
91 silly idealTree:prePrune ├── supports-color@2.0.0
91 silly idealTree:prePrune ├── through@2.3.8
91 silly idealTree:prePrune ├── tough-cookie@2.2.2
91 silly idealTree:prePrune ├── tunnel-agent@0.4.2
91 silly idealTree:prePrune ├── tweetnacl@0.14.3
91 silly idealTree:prePrune ├── type-is@1.6.12
91 silly idealTree:prePrune ├── unpipe@1.0.0
91 silly idealTree:prePrune ├── util-deprecate@1.0.2
91 silly idealTree:prePrune ├── utils-merge@1.0.0
91 silly idealTree:prePrune ├── vary@1.0.1
91 silly idealTree:prePrune ├── verror@1.3.6
91 silly idealTree:prePrune ├── wordwrap@0.0.3
91 silly idealTree:prePrune ├── xtend@4.0.1
91 silly idealTree:prePrune └── yallist@2.0.0
92 silly loadIdealTree Finishing
93 silly currentTree madan.venugopal
93 silly currentTree ├── accepts@1.2.13
93 silly currentTree ├── ansi-regex@2.0.0
93 silly currentTree ├── ansi-styles@2.2.1
93 silly currentTree ├── array-flatten@1.1.1
93 silly currentTree ├── asn1@0.2.3
93 silly currentTree ├── assert-plus@0.2.0
93 silly currentTree ├── async@1.5.2
93 silly currentTree ├── aws-sign2@0.6.0
93 silly currentTree ├── aws4@1.3.2
93 silly currentTree ├── bl@1.0.3
93 silly currentTree ├── boom@2.10.1
93 silly currentTree ├── caseless@0.11.0
93 silly currentTree ├── chalk@1.1.3
93 silly currentTree ├── combined-stream@1.0.5
93 silly currentTree ├── commander@2.9.0
93 silly currentTree ├── content-disposition@0.5.1
93 silly currentTree ├── content-type@1.0.1
93 silly currentTree ├── cookie-signature@1.0.6
93 silly currentTree ├── cookie@0.1.5
93 silly currentTree ├── core-util-is@1.0.2
93 silly currentTree ├── cryptiles@2.0.5
93 silly currentTree ├─┬ dashdash@1.13.0
93 silly currentTree │ └── assert-plus@1.0.0
93 silly currentTree ├── debug@2.2.0
93 silly currentTree ├── delayed-stream@1.0.0
93 silly currentTree ├── depd@1.1.0
93 silly currentTree ├── destroy@1.0.4
93 silly currentTree ├── ecc-jsbn@0.1.1
93 silly currentTree ├── ee-first@1.1.1
93 silly currentTree ├── elasticdump@1.1.2
93 silly currentTree ├── escape-html@1.0.3
93 silly currentTree ├── escape-string-regexp@1.0.5
93 silly currentTree ├── etag@1.7.0
93 silly currentTree ├── extend@3.0.0
93 silly currentTree ├── extsprintf@1.0.2
93 silly currentTree ├── finalhandler@0.4.1
93 silly currentTree ├── forever-agent@0.6.1
93 silly currentTree ├── form-data@1.0.0-rc4
93 silly currentTree ├── forwarded@0.1.0
93 silly currentTree ├── fresh@0.3.0
93 silly currentTree ├── generate-function@2.0.0
93 silly currentTree ├── generate-object-property@1.2.0
93 silly currentTree ├── graceful-readlink@1.0.1
93 silly currentTree ├── har-validator@2.0.6
93 silly currentTree ├── has-ansi@2.0.0
93 silly currentTree ├── hawk@3.1.3
93 silly currentTree ├── hoek@2.16.3
93 silly currentTree ├── http-errors@1.3.1
93 silly currentTree ├── http-signature@1.1.1
93 silly currentTree ├── inherits@2.0.1
93 silly currentTree ├── ipaddr.js@1.0.5
93 silly currentTree ├── is-my-json-valid@2.13.1
93 silly currentTree ├── is-property@1.0.2
93 silly currentTree ├── is-typedarray@1.0.0
93 silly currentTree ├── isarray@1.0.0
93 silly currentTree ├── isstream@0.1.2
93 silly currentTree ├── jodid25519@1.0.2
93 silly currentTree ├── jsbn@0.1.0
93 silly currentTree ├── json-schema@0.2.2
93 silly currentTree ├── json-stringify-safe@5.0.1
93 silly currentTree ├── jsonparse@0.0.5
93 silly currentTree ├── jsonpointer@2.0.0
93 silly currentTree ├── JSONStream@0.9.0
93 silly currentTree ├── jsprim@1.2.2
93 silly currentTree ├── lru-cache@4.0.1
93 silly currentTree ├── media-typer@0.3.0
93 silly currentTree ├── merge-descriptors@1.0.1
93 silly currentTree ├── methods@1.1.2
93 silly currentTree ├── mime-db@1.22.0
93 silly currentTree ├── mime-types@2.1.10
93 silly currentTree ├── mime@1.3.4
93 silly currentTree ├── minimist@0.0.10
93 silly currentTree ├── ms@0.7.1
93 silly currentTree ├── negotiator@0.5.3
93 silly currentTree ├── node-uuid@1.4.7
93 silly currentTree ├── npm-debug.log
93 silly currentTree ├── oauth-sign@0.8.1
93 silly currentTree ├── on-finished@2.3.0
93 silly currentTree ├── optimist@0.6.1
93 silly currentTree ├── parseurl@1.3.1
93 silly currentTree ├── path-to-regexp@0.1.7
93 silly currentTree ├── pinkie-promise@2.0.0
93 silly currentTree ├── pinkie@2.0.4
93 silly currentTree ├── process-nextick-args@1.0.6
93 silly currentTree ├── proxy-addr@1.0.10
93 silly currentTree ├── pseudomap@1.0.2
93 silly currentTree ├── qs@6.0.2
93 silly currentTree ├── range-parser@1.0.3
93 silly currentTree ├── readable-stream@2.0.6
93 silly currentTree ├── request@2.69.0
93 silly currentTree ├── send@0.13.1
93 silly currentTree ├── serve-static@1.10.2
93 silly currentTree ├── sntp@1.0.9
93 silly currentTree ├── sshpk@1.7.4
93 silly currentTree ├── statuses@1.2.1
93 silly currentTree ├── string_decoder@0.10.31
93 silly currentTree ├── stringstream@0.0.5
93 silly currentTree ├── strip-ansi@3.0.1
93 silly currentTree ├── supports-color@2.0.0
93 silly currentTree ├── through@2.3.8
93 silly currentTree ├── tough-cookie@2.2.2
93 silly currentTree ├── tunnel-agent@0.4.2
93 silly currentTree ├── tweetnacl@0.14.3
93 silly currentTree ├── type-is@1.6.12
93 silly currentTree ├── unpipe@1.0.0
93 silly currentTree ├── util-deprecate@1.0.2
93 silly currentTree ├── utils-merge@1.0.0
93 silly currentTree ├── vary@1.0.1
93 silly currentTree ├── verror@1.3.6
93 silly currentTree ├── wordwrap@0.0.3
93 silly currentTree ├── xtend@4.0.1
93 silly currentTree └── yallist@2.0.0
94 silly idealTree madan.venugopal
94 silly idealTree ├── accepts@1.2.13
94 silly idealTree ├── ansi-regex@2.0.0
94 silly idealTree ├── ansi-styles@2.2.1
94 silly idealTree ├── array-flatten@1.1.1
94 silly idealTree ├── asn1@0.2.3
94 silly idealTree ├── assert-plus@0.2.0
94 silly idealTree ├── async@1.5.2
94 silly idealTree ├── aws-sign2@0.6.0
94 silly idealTree ├── aws4@1.3.2
94 silly idealTree ├── bl@1.0.3
94 silly idealTree ├── boom@2.10.1
94 silly idealTree ├── caseless@0.11.0
94 silly idealTree ├── chalk@1.1.3
94 silly idealTree ├── combined-stream@1.0.5
94 silly idealTree ├── commander@2.9.0
94 silly idealTree ├── content-disposition@0.5.1
94 silly idealTree ├── content-type@1.0.1
94 silly idealTree ├── cookie-signature@1.0.6
94 silly idealTree ├── cookie@0.1.5
94 silly idealTree ├── core-util-is@1.0.2
94 silly idealTree ├── cryptiles@2.0.5
94 silly idealTree ├─┬ dashdash@1.13.0
94 silly idealTree │ └── assert-plus@1.0.0
94 silly idealTree ├── debug@2.2.0
94 silly idealTree ├── delayed-stream@1.0.0
94 silly idealTree ├── depd@1.1.0
94 silly idealTree ├── destroy@1.0.4
94 silly idealTree ├── ecc-jsbn@0.1.1
94 silly idealTree ├── ee-first@1.1.1
94 silly idealTree ├── elasticdump@1.1.2
94 silly idealTree ├── escape-html@1.0.3
94 silly idealTree ├── escape-string-regexp@1.0.5
94 silly idealTree ├── etag@1.7.0
94 silly idealTree ├─┬ express@4.13.4
94 silly idealTree │ └── qs@4.0.0
94 silly idealTree ├── extend@3.0.0
94 silly idealTree ├── extsprintf@1.0.2
94 silly idealTree ├── finalhandler@0.4.1
94 silly idealTree ├── forever-agent@0.6.1
94 silly idealTree ├── form-data@1.0.0-rc4
94 silly idealTree ├── forwarded@0.1.0
94 silly idealTree ├── fresh@0.3.0
94 silly idealTree ├── generate-function@2.0.0
94 silly idealTree ├── generate-object-property@1.2.0
94 silly idealTree ├── graceful-readlink@1.0.1
94 silly idealTree ├── har-validator@2.0.6
94 silly idealTree ├── has-ansi@2.0.0
94 silly idealTree ├── hawk@3.1.3
94 silly idealTree ├── hoek@2.16.3
94 silly idealTree ├── http-errors@1.3.1
94 silly idealTree ├── http-signature@1.1.1
94 silly idealTree ├── inherits@2.0.1
94 silly idealTree ├── ipaddr.js@1.0.5
94 silly idealTree ├── is-my-json-valid@2.13.1
94 silly idealTree ├── is-property@1.0.2
94 silly idealTree ├── is-typedarray@1.0.0
94 silly idealTree ├── isarray@1.0.0
94 silly idealTree ├── isstream@0.1.2
94 silly idealTree ├── jodid25519@1.0.2
94 silly idealTree ├── jsbn@0.1.0
94 silly idealTree ├── json-schema@0.2.2
94 silly idealTree ├── json-stringify-safe@5.0.1
94 silly idealTree ├── jsonparse@0.0.5
94 silly idealTree ├── jsonpointer@2.0.0
94 silly idealTree ├── JSONStream@0.9.0
94 silly idealTree ├── jsprim@1.2.2
94 silly idealTree ├── lru-cache@4.0.1
94 silly idealTree ├── media-typer@0.3.0
94 silly idealTree ├── merge-descriptors@1.0.1
94 silly idealTree ├── methods@1.1.2
94 silly idealTree ├── mime-db@1.22.0
94 silly idealTree ├── mime-types@2.1.10
94 silly idealTree ├── mime@1.3.4
94 silly idealTree ├── minimist@0.0.10
94 silly idealTree ├── ms@0.7.1
94 silly idealTree ├── negotiator@0.5.3
94 silly idealTree ├── node-uuid@1.4.7
94 silly idealTree ├── npm-debug.log
94 silly idealTree ├── oauth-sign@0.8.1
94 silly idealTree ├── on-finished@2.3.0
94 silly idealTree ├── optimist@0.6.1
94 silly idealTree ├── parseurl@1.3.1
94 silly idealTree ├── path-to-regexp@0.1.7
94 silly idealTree ├── pinkie-promise@2.0.0
94 silly idealTree ├── pinkie@2.0.4
94 silly idealTree ├── process-nextick-args@1.0.6
94 silly idealTree ├── proxy-addr@1.0.10
94 silly idealTree ├── pseudomap@1.0.2
94 silly idealTree ├── qs@6.0.2
94 silly idealTree ├── range-parser@1.0.3
94 silly idealTree ├── readable-stream@2.0.6
94 silly idealTree ├── request@2.69.0
94 silly idealTree ├── send@0.13.1
94 silly idealTree ├── serve-static@1.10.2
94 silly idealTree ├── sntp@1.0.9
94 silly idealTree ├── sshpk@1.7.4
94 silly idealTree ├── statuses@1.2.1
94 silly idealTree ├── string_decoder@0.10.31
94 silly idealTree ├── stringstream@0.0.5
94 silly idealTree ├── strip-ansi@3.0.1
94 silly idealTree ├── supports-color@2.0.0
94 silly idealTree ├── through@2.3.8
94 silly idealTree ├── tough-cookie@2.2.2
94 silly idealTree ├── tunnel-agent@0.4.2
94 silly idealTree ├── tweetnacl@0.14.3
94 silly idealTree ├── type-is@1.6.12
94 silly idealTree ├── unpipe@1.0.0
94 silly idealTree ├── util-deprecate@1.0.2
94 silly idealTree ├── utils-merge@1.0.0
94 silly idealTree ├── vary@1.0.1
94 silly idealTree ├── verror@1.3.6
94 silly idealTree ├── wordwrap@0.0.3
94 silly idealTree ├── xtend@4.0.1
94 silly idealTree └── yallist@2.0.0
95 silly generateActionsToTake Starting
96 silly install generateActionsToTake
97 silly generateActionsToTake Finishing
98 silly diffTrees action count 3
99 silly diffTrees add qs@4.0.0
100 silly diffTrees update elasticdump@1.1.2
101 silly diffTrees add express@4.13.4
102 silly decomposeActions action count 24
103 silly decomposeActions fetch qs@4.0.0
104 silly decomposeActions extract qs@4.0.0
105 silly decomposeActions test qs@4.0.0
106 silly decomposeActions preinstall qs@4.0.0
107 silly decomposeActions build qs@4.0.0
108 silly decomposeActions install qs@4.0.0
109 silly decomposeActions postinstall qs@4.0.0
110 silly decomposeActions finalize qs@4.0.0
111 silly decomposeActions fetch elasticdump@1.1.2
112 silly decomposeActions extract elasticdump@1.1.2
113 silly decomposeActions test elasticdump@1.1.2
114 silly decomposeActions preinstall elasticdump@1.1.2
115 silly decomposeActions build elasticdump@1.1.2
116 silly decomposeActions install elasticdump@1.1.2
117 silly decomposeActions postinstall elasticdump@1.1.2
118 silly decomposeActions finalize elasticdump@1.1.2
119 silly decomposeActions fetch express@4.13.4
120 silly decomposeActions extract express@4.13.4
121 silly decomposeActions test express@4.13.4
122 silly decomposeActions preinstall express@4.13.4
123 silly decomposeActions build express@4.13.4
124 silly decomposeActions install express@4.13.4
125 silly decomposeActions postinstall express@4.13.4
126 silly decomposeActions finalize express@4.13.4
127 silly executeActions Starting
128 silly install executeActions
129 silly doSerial global-install 0
130 silly doParallel fetch 3
131 verbose correctMkdir /Users/madan.venugopal/.npm/_locks correctMkdir not in flight; initializing
132 verbose lock using /Users/madan.venugopal/.npm/_locks/staging-c3dc4a7af4a97cfc.lock for /Users/madan.venugopal/node_modules/.staging
133 silly doParallel extract 3
134 silly extract qs@4.0.0
135 silly extract elasticdump@1.1.2
136 silly extract express@4.13.4
137 verbose unbuild node_modules/.staging/qs-6436461e
138 verbose unbuild node_modules/.staging/elasticdump-f895eb2b
139 verbose unbuild node_modules/.staging/express-97cb6563
140 silly gentlyRm /Users/madan.venugopal/node_modules/.staging/qs-6436461e is being purged from base /Users/madan.venugopal
141 verbose gentlyRm don't care about contents; nuking /Users/madan.venugopal/node_modules/.staging/qs-6436461e
142 verbose tar unpack /Users/madan.venugopal/.npm/qs/4.0.0/package.tgz
143 verbose tar unpacking to /Users/madan.venugopal/node_modules/.staging/qs-6436461e
144 silly gentlyRm /Users/madan.venugopal/node_modules/.staging/qs-6436461e is being purged
145 verbose gentlyRm don't care about contents; nuking /Users/madan.venugopal/node_modules/.staging/qs-6436461e
146 silly gentlyRm /Users/madan.venugopal/node_modules/.staging/elasticdump-f895eb2b is being purged from base /Users/madan.venugopal
147 verbose gentlyRm don't care about contents; nuking /Users/madan.venugopal/node_modules/.staging/elasticdump-f895eb2b
148 silly gentlyRm /Users/madan.venugopal/node_modules/.staging/express-97cb6563 is being purged from base /Users/madan.venugopal
149 verbose gentlyRm don't care about contents; nuking /Users/madan.venugopal/node_modules/.staging/express-97cb6563
150 silly gunzTarPerm modes [ '755', '644' ]
151 verbose tar unpack /Users/madan.venugopal/.npm/elasticdump/1.1.2/package.tgz
152 verbose tar unpacking to /Users/madan.venugopal/node_modules/.staging/elasticdump-f895eb2b
153 silly gentlyRm /Users/madan.venugopal/node_modules/.staging/elasticdump-f895eb2b is being purged
154 verbose gentlyRm don't care about contents; nuking /Users/madan.venugopal/node_modules/.staging/elasticdump-f895eb2b
155 verbose tar unpack /Users/madan.venugopal/.npm/express/4.13.4/package.tgz
156 verbose tar unpacking to /Users/madan.venugopal/node_modules/.staging/express-97cb6563
157 silly gentlyRm /Users/madan.venugopal/node_modules/.staging/express-97cb6563 is being purged
158 verbose gentlyRm don't care about contents; nuking /Users/madan.venugopal/node_modules/.staging/express-97cb6563
159 silly gunzTarPerm modes [ '755', '644' ]
160 silly gunzTarPerm modes [ '755', '644' ]
161 silly gunzTarPerm extractEntry package.json
162 silly gunzTarPerm extractEntry package.json
163 silly gunzTarPerm modified mode [ 'package.json', 416, 420 ]
164 silly gunzTarPerm extractEntry package.json
165 silly gunzTarPerm modified mode [ 'package.json', 438, 420 ]
166 silly gunzTarPerm extractEntry .npmignore
167 silly gunzTarPerm extractEntry README.md
168 silly gunzTarPerm extractEntry .npmignore
169 silly gunzTarPerm modified mode [ '.npmignore', 422, 420 ]
170 silly gunzTarPerm extractEntry README.md
171 silly gunzTarPerm modified mode [ 'README.md', 416, 420 ]
172 silly gunzTarPerm extractEntry LICENSE
173 silly gunzTarPerm modified mode [ 'LICENSE', 438, 420 ]
174 silly gunzTarPerm extractEntry index.js
175 silly gunzTarPerm modified mode [ 'index.js', 438, 420 ]
176 silly gunzTarPerm extractEntry LICENSE
177 silly gunzTarPerm extractEntry CHANGELOG.md
178 silly gunzTarPerm extractEntry elasticdump.js
179 silly gunzTarPerm modified mode [ 'elasticdump.js', 416, 420 ]
180 silly gunzTarPerm extractEntry History.md
181 silly gunzTarPerm modified mode [ 'History.md', 438, 420 ]
182 silly gunzTarPerm extractEntry Readme.md
183 silly gunzTarPerm modified mode [ 'Readme.md', 438, 420 ]
184 silly gunzTarPerm extractEntry lib/application.js
185 silly gunzTarPerm modified mode [ 'lib/application.js', 438, 420 ]
186 silly gunzTarPerm extractEntry lib/express.js
187 silly gunzTarPerm modified mode [ 'lib/express.js', 438, 420 ]
188 silly gunzTarPerm extractEntry lib/request.js
189 silly gunzTarPerm modified mode [ 'lib/request.js', 438, 420 ]
190 silly gunzTarPerm extractEntry lib/response.js
191 silly gunzTarPerm modified mode [ 'lib/response.js', 438, 420 ]
192 silly gunzTarPerm extractEntry lib/utils.js
193 silly gunzTarPerm modified mode [ 'lib/utils.js', 438, 420 ]
194 silly gunzTarPerm extractEntry lib/view.js
195 silly gunzTarPerm modified mode [ 'lib/view.js', 438, 420 ]
196 silly gunzTarPerm extractEntry lib/middleware/init.js
197 silly gunzTarPerm modified mode [ 'lib/middleware/init.js', 438, 420 ]
198 silly gunzTarPerm extractEntry lib/middleware/query.js
199 silly gunzTarPerm modified mode [ 'lib/middleware/query.js', 438, 420 ]
200 silly gunzTarPerm extractEntry lib/router/index.js
201 silly gunzTarPerm modified mode [ 'lib/router/index.js', 438, 420 ]
202 silly gunzTarPerm extractEntry lib/router/layer.js
203 silly gunzTarPerm modified mode [ 'lib/router/layer.js', 438, 420 ]
204 silly gunzTarPerm extractEntry lib/router/route.js
205 silly gunzTarPerm modified mode [ 'lib/router/route.js', 438, 420 ]
206 silly gunzTarPerm extractEntry CONTRIBUTING.md
207 silly gunzTarPerm extractEntry elasticdump.jpg
208 silly gunzTarPerm modified mode [ 'elasticdump.jpg', 384, 420 ]
209 silly gunzTarPerm extractEntry .eslintignore
210 silly gunzTarPerm extractEntry bower.json
211 silly gunzTarPerm extractEntry bin/elasticdump
212 silly gunzTarPerm modified mode [ 'bin/elasticdump', 488, 492 ]
213 silly gunzTarPerm extractEntry lib/index.js
214 silly gunzTarPerm extractEntry lib/parse.js
215 silly gunzTarPerm extractEntry bin/multielasticdump
216 silly gunzTarPerm modified mode [ 'bin/multielasticdump', 488, 492 ]
217 silly gunzTarPerm extractEntry .travis.yml
218 silly gunzTarPerm modified mode [ '.travis.yml', 416, 420 ]
219 silly gunzTarPerm extractEntry Dockerfile
220 silly gunzTarPerm modified mode [ 'Dockerfile', 416, 420 ]
221 silly gunzTarPerm extractEntry lib/is-url.js
222 silly gunzTarPerm modified mode [ 'lib/is-url.js', 416, 420 ]
223 silly gunzTarPerm extractEntry lib/jsonparser.js
224 silly gunzTarPerm modified mode [ 'lib/jsonparser.js', 422, 420 ]
225 silly gunzTarPerm extractEntry lib/parse-base-url.js
226 silly gunzTarPerm modified mode [ 'lib/parse-base-url.js', 416, 420 ]
227 silly gunzTarPerm extractEntry lib/help.txt
228 silly gunzTarPerm modified mode [ 'lib/help.txt', 416, 420 ]
229 silly gunzTarPerm extractEntry lib/stringify.js
230 silly gunzTarPerm extractEntry lib/utils.js
231 silly gunzTarPerm extractEntry lib/transports/_template.js
232 silly gunzTarPerm modified mode [ 'lib/transports/_template.js', 422, 420 ]
233 silly gunzTarPerm extractEntry lib/transports/elasticsearch.js
234 silly gunzTarPerm modified mode [ 'lib/transports/elasticsearch.js', 488, 492 ]
235 silly gunzTarPerm extractEntry lib/transports/file.js
236 silly gunzTarPerm modified mode [ 'lib/transports/file.js', 416, 420 ]
237 silly gunzTarPerm extractEntry .travis.yml
238 silly gunzTarPerm extractEntry test/parse.js
239 silly gunzTarPerm extractEntry LICENSE.txt
240 silly gunzTarPerm modified mode [ 'LICENSE.txt', 422, 420 ]
241 silly gunzTarPerm extractEntry test/is-url.tests.js
242 silly gunzTarPerm modified mode [ 'test/is-url.tests.js', 416, 420 ]
243 silly gunzTarPerm extractEntry test/parentchild.js
244 silly gunzTarPerm modified mode [ 'test/parentchild.js', 416, 420 ]
245 silly gunzTarPerm extractEntry test/parse-base-url.tests.js
246 silly gunzTarPerm modified mode [ 'test/parse-base-url.tests.js', 416, 420 ]
247 silly gunzTarPerm extractEntry test/stringify.js
248 silly gunzTarPerm extractEntry test/utils.js
249 silly gunzTarPerm extractEntry test/test.js
250 silly gunzTarPerm modified mode [ 'test/test.js', 416, 420 ]
251 silly gunzTarPerm extractEntry test/mocha.opts
252 silly gunzTarPerm modified mode [ 'test/mocha.opts', 422, 420 ]
253 silly gunzTarPerm extractEntry test/seeds.json
254 silly gunzTarPerm modified mode [ 'test/seeds.json', 416, 420 ]
255 silly gentlyRm /Users/madan.venugopal/node_modules/.staging/qs-6436461e/node_modules is being purged
256 verbose gentlyRm don't care about contents; nuking /Users/madan.venugopal/node_modules/.staging/qs-6436461e/node_modules
257 silly gentlyRm /Users/madan.venugopal/node_modules/.staging/express-97cb6563/node_modules is being purged
258 verbose gentlyRm don't care about contents; nuking /Users/madan.venugopal/node_modules/.staging/express-97cb6563/node_modules
259 silly gentlyRm /Users/madan.venugopal/node_modules/.staging/elasticdump-f895eb2b/node_modules is being purged
260 verbose gentlyRm don't care about contents; nuking /Users/madan.venugopal/node_modules/.staging/elasticdump-f895eb2b/node_modules
261 silly doParallel preinstall 3
262 silly preinstall qs@4.0.0 /Users/madan.venugopal/node_modules/.staging/qs-6436461e
263 info lifecycle qs@4.0.0~preinstall: qs@4.0.0
264 silly preinstall elasticdump@1.1.2 /Users/madan.venugopal/node_modules/.staging/elasticdump-f895eb2b
265 info lifecycle elasticdump@1.1.2~preinstall: elasticdump@1.1.2
266 silly preinstall express@4.13.4 /Users/madan.venugopal/node_modules/.staging/express-97cb6563
267 info lifecycle express@4.13.4~preinstall: express@4.13.4
268 silly lifecycle qs@4.0.0~preinstall: no script for preinstall, continuing
269 silly lifecycle elasticdump@1.1.2~preinstall: no script for preinstall, continuing
270 silly lifecycle express@4.13.4~preinstall: no script for preinstall, continuing
271 silly doReverseSerial remove 0
272 silly doSerial move 0
273 silly doSerial finalize 3
274 silly finalize /Users/madan.venugopal/node_modules/express/node_modules/qs
275 silly finalize /Users/madan.venugopal/node_modules/elasticdump
276 silly finalize /Users/madan.venugopal/node_modules/express
277 verbose unlock done using /Users/madan.venugopal/.npm/_locks/staging-c3dc4a7af4a97cfc.lock for /Users/madan.venugopal/node_modules/.staging
278 silly rollbackFailedOptional Starting
279 silly rollbackFailedOptional Finishing
280 silly runTopLevelLifecycles Starting
281 silly runTopLevelLifecycles Finishing
282 silly install printInstalled
283 warn enoent ENOENT: no such file or directory, open '/Users/madan.venugopal/package.json'
284 warn madan.venugopal No description
285 warn madan.venugopal No repository field.
286 warn madan.venugopal No README data
287 warn madan.venugopal No license field.
288 verbose stack Error: ENOTEMPTY: directory not empty, rename '/Users/madan.venugopal/node_modules/express' -> '/Users/madan.venugopal/node_modules/.express.DELETE'
288 verbose stack     at moveAway (/usr/local/lib/node_modules/npm/lib/install/action/finalize.js:38:5)
288 verbose stack     at destStatted (/usr/local/lib/node_modules/npm/lib/install/action/finalize.js:27:7)
288 verbose stack     at FSReqWrap.oncomplete (fs.js:82:15)
288 verbose stack
288 verbose stack Error: ENOTEMPTY: directory not empty, rename '/Users/madan.venugopal/node_modules/express' -> '/Users/madan.venugopal/node_modules/.express.DELETE'
288 verbose stack     at Error (native)
289 verbose cwd /Users/madan.venugopal/source/OlaCode/mycode/NodeServerTest/docker
290 error Darwin 14.5.0
291 error argv "/usr/local/Cellar/node/5.6.0/bin/node" "/usr/local/bin/npm" "install" "express"
292 error node v5.6.0
293 error npm  v3.6.0
294 error path /Users/madan.venugopal/node_modules/express
295 error code ENOTEMPTY
296 error errno -66
297 error syscall rename
298 error ENOTEMPTY: directory not empty, rename '/Users/madan.venugopal/node_modules/express' -> '/Users/madan.venugopal/node_modules/.express.DELETE'
299 error If you need help, you may report this error at:
299 error     <https://github.com/npm/npm/issues>
300 verbose exit [ -66, true ]
